[debug] [2021-07-31T12:41:36.608Z] ----------------------------------------------------------------------
[debug] [2021-07-31T12:41:36.610Z] Command:       C:\Program Files\nodejs\node.exe C:\Users\Sourav Bera\AppData\Roaming\npm\node_modules\firebase-tools\lib\bin\firebase.js init
[debug] [2021-07-31T12:41:36.610Z] CLI Version:   9.16.0
[debug] [2021-07-31T12:41:36.610Z] Platform:      win32
[debug] [2021-07-31T12:41:36.610Z] Node Version:  v12.14.1
[debug] [2021-07-31T12:41:36.612Z] Time:          Sat Jul 31 2021 18:11:36 GMT+0530 (India Standard Time)
[debug] [2021-07-31T12:41:36.612Z] ----------------------------------------------------------------------
[debug] 
[debug] [2021-07-31T12:41:36.656Z] > command requires scopes: ["email","openid","https://www.googleapis.com/auth/cloudplatformprojects.readonly","https://www.googleapis.com/auth/firebase","https://www.googleapis.com/auth/cloud-platform"]
[debug] [2021-07-31T12:41:36.656Z] > authorizing via signed-in user (sauravberaiit@gmail.com)
[info] 
     ######## #### ########  ######## ########     ###     ######  ########
     ##        ##  ##     ## ##       ##     ##  ##   ##  ##       ##
     ######    ##  ########  ######   ########  #########  ######  ######
     ##        ##  ##    ##  ##       ##     ## ##     ##       ## ##
     ##       #### ##     ## ######## ########  ##     ##  ######  ########

You're about to initialize a Firebase project in this directory:

  D:\Reactjsprograms\BeingSocial

Before we get started, keep in mind:

  * You are initializing within an existing Firebase project directory

[info] 
=== Project Setup
[info] 
[info] First, let's associate this project directory with a Firebase project.
[info] You can create multiple project aliases by running firebase use --add, 
[info] but for now we'll just set up a default project.
[info] 
[info] i  .firebaserc already has a default project, using recess-it. 
[debug] [2021-07-31T12:44:51.908Z] >>> [apiv2][query] GET https://firebase.googleapis.com/v1beta1/projects/recess-it [none]
[debug] [2021-07-31T12:44:52.513Z] <<< [apiv2][status] GET https://firebase.googleapis.com/v1beta1/projects/recess-it 403
[debug] [2021-07-31T12:44:52.513Z] <<< [apiv2][body] GET https://firebase.googleapis.com/v1beta1/projects/recess-it {"error":{"code":403,"message":"The caller does not have permission","status":"PERMISSION_DENIED"}}
[debug] [2021-07-31T12:44:52.513Z] HTTP Error: 403, The caller does not have permission
[debug] [2021-07-31T12:44:52.725Z] FirebaseError: HTTP Error: 403, The caller does not have permission
    at module.exports (C:\Users\Sourav Bera\AppData\Roaming\npm\node_modules\firebase-tools\lib\responseToError.js:38:12)
    at Client.doRequest (C:\Users\Sourav Bera\AppData\Roaming\npm\node_modules\firebase-tools\lib\apiv2.js:238:23)
    at processTicksAndRejections (internal/process/task_queues.js:94:5)
    at async Client.request (C:\Users\Sourav Bera\AppData\Roaming\npm\node_modules\firebase-tools\lib\apiv2.js:96:20)
    at async Object.getFirebaseProject (C:\Users\Sourav Bera\AppData\Roaming\npm\node_modules\firebase-tools\lib\management\projects.js:290:21)
    at async Object.doSetup [as project] (C:\Users\Sourav Bera\AppData\Roaming\npm\node_modules\firebase-tools\lib\init\features\project.js:77:27)
    at async init (C:\Users\Sourav Bera\AppData\Roaming\npm\node_modules\firebase-tools\lib\init\index.js:19:9)
[error] 
[error] Error: Failed to get Firebase project recess-it. Please make sure the project exists and your account has permission to access it.
[debug] [2021-07-31T17:59:20.833Z] ----------------------------------------------------------------------
[debug] [2021-07-31T17:59:20.837Z] Command:       C:\Program Files\nodejs\node.exe C:\Users\Sourav Bera\AppData\Roaming\npm\node_modules\firebase-tools\lib\bin\firebase.js init
[debug] [2021-07-31T17:59:20.837Z] CLI Version:   9.16.0
[debug] [2021-07-31T17:59:20.837Z] Platform:      win32
[debug] [2021-07-31T17:59:20.837Z] Node Version:  v12.14.1
[debug] [2021-07-31T17:59:20.844Z] Time:          Sat Jul 31 2021 23:29:20 GMT+0530 (India Standard Time)
[debug] [2021-07-31T17:59:20.844Z] ----------------------------------------------------------------------
[debug] 
[debug] [2021-07-31T17:59:20.919Z] > command requires scopes: ["email","openid","https://www.googleapis.com/auth/cloudplatformprojects.readonly","https://www.googleapis.com/auth/firebase","https://www.googleapis.com/auth/cloud-platform"]
[debug] [2021-07-31T17:59:20.920Z] > authorizing via signed-in user (sauravberaiit@gmail.com)
[info] 
     ######## #### ########  ######## ########     ###     ######  ########
     ##        ##  ##     ## ##       ##     ##  ##   ##  ##       ##
     ######    ##  ########  ######   ########  #########  ######  ######
     ##        ##  ##    ##  ##       ##     ## ##     ##       ## ##
     ##       #### ##     ## ######## ########  ##     ##  ######  ########

You're about to initialize a Firebase project in this directory:

  D:\Reactjsprograms\BeingSocial

Before we get started, keep in mind:

  * You are initializing within an existing Firebase project directory

[info] 
=== Project Setup
[info] 
[info] First, let's associate this project directory with a Firebase project.
[info] You can create multiple project aliases by running firebase use --add, 
[info] but for now we'll just set up a default project.
[info] 
[info] i  .firebaserc already has a default project, using qlickit. 
[debug] [2021-07-31T18:00:01.312Z] > refreshing access token with scopes: []
[debug] [2021-07-31T18:00:01.312Z] >>> HTTP REQUEST POST https://www.googleapis.com/oauth2/v3/token  
 <request body omitted>
[debug] [2021-07-31T18:00:01.623Z] <<< HTTP RESPONSE 200 {"date":"Sat, 31 Jul 2021 17:59:18 GMT","cache-control":"no-cache, no-store, max-age=0, must-revalidate","expires":"Mon, 01 Jan 1990 00:00:00 GMT","pragma":"no-cache","content-type":"application/json; charset=utf-8","vary":"X-Origin, Referer, Origin,Accept-Encoding","server":"scaffolding on HTTPServer2","x-xss-protection":"0","x-frame-options":"SAMEORIGIN","x-content-type-options":"nosniff","alt-svc":"h3=\":443\"; ma=2592000,h3-29=\":443\"; ma=2592000,h3-T051=\":443\"; ma=2592000,h3-Q050=\":443\"; ma=2592000,h3-Q046=\":443\"; ma=2592000,h3-Q043=\":443\"; ma=2592000,quic=\":443\"; ma=2592000; v=\"46,43\"","accept-ranges":"none","transfer-encoding":"chunked"}
[debug] [2021-07-31T18:00:01.642Z] >>> [apiv2][query] GET https://firebase.googleapis.com/v1beta1/projects/qlickit [none]
[debug] [2021-07-31T18:00:02.417Z] <<< [apiv2][status] GET https://firebase.googleapis.com/v1beta1/projects/qlickit 403
[debug] [2021-07-31T18:00:02.417Z] <<< [apiv2][body] GET https://firebase.googleapis.com/v1beta1/projects/qlickit {"error":{"code":403,"message":"The caller does not have permission","status":"PERMISSION_DENIED"}}
[debug] [2021-07-31T18:00:02.418Z] HTTP Error: 403, The caller does not have permission
[debug] [2021-07-31T18:00:02.609Z] FirebaseError: HTTP Error: 403, The caller does not have permission
    at module.exports (C:\Users\Sourav Bera\AppData\Roaming\npm\node_modules\firebase-tools\lib\responseToError.js:38:12)
    at Client.doRequest (C:\Users\Sourav Bera\AppData\Roaming\npm\node_modules\firebase-tools\lib\apiv2.js:238:23)
    at processTicksAndRejections (internal/process/task_queues.js:94:5)
    at async Client.request (C:\Users\Sourav Bera\AppData\Roaming\npm\node_modules\firebase-tools\lib\apiv2.js:96:20)
    at async Object.getFirebaseProject (C:\Users\Sourav Bera\AppData\Roaming\npm\node_modules\firebase-tools\lib\management\projects.js:290:21)
    at async Object.doSetup [as project] (C:\Users\Sourav Bera\AppData\Roaming\npm\node_modules\firebase-tools\lib\init\features\project.js:77:27)
    at async init (C:\Users\Sourav Bera\AppData\Roaming\npm\node_modules\firebase-tools\lib\init\index.js:19:9)
[error] 
[error] Error: Failed to get Firebase project qlickit. Please make sure the project exists and your account has permission to access it.
